<?xml version="1.0" encoding="UTF-8"?>
<!-- Generated by org.testng.reporters.JUnitReportReporter -->
<testsuite skipped="0" hostname="CDC2-D-6QCBH92" name="webDriverrr.browser" tests="1" failures="0" timestamp="10 Dec 2019 09:30:51 GMT" time="6.855" errors="0">
  <testcase name="f" time="6.855" classname="webDriverrr.browser"/>
</testsuite> <!-- webDriverrr.browser -->
