<?xml version="1.0" encoding="UTF-8"?>
<!-- Generated by org.testng.reporters.JUnitReportReporter -->
<testsuite skipped="0" hostname="CDC2-D-6QCBH92" name="cafeteria.NewTrill" tests="1" failures="0" timestamp="05 Dec 2019 11:49:47 GMT" time="0.015" errors="0">
  <testcase name="f" time="0.015" classname="cafeteria.NewTrill"/>
</testsuite> <!-- cafeteria.NewTrill -->
