<?xml version="1.0" encoding="UTF-8"?>
<!-- Generated by org.testng.reporters.JUnitReportReporter -->
<testsuite skipped="0" hostname="CDC2-D-6QCBH92" name="casestudy1.TestMe" tests="1" failures="0" timestamp="11 Dec 2019 11:08:55 GMT" time="18.552" errors="0">
  <testcase name="f" time="18.552" classname="casestudy1.TestMe"/>
</testsuite> <!-- casestudy1.TestMe -->
