<?xml version="1.0" encoding="UTF-8"?>
<!-- Generated by org.testng.reporters.JUnitReportReporter -->
<testsuite skipped="0" hostname="CDC2-D-6QCBH92" name="ie.iebrowser" tests="1" failures="0" timestamp="10 Dec 2019 09:23:19 GMT" time="16.081" errors="0">
  <testcase name="f" time="16.081" classname="ie.iebrowser"/>
</testsuite> <!-- ie.iebrowser -->
